[03:03:21] [ServerMain/INFO]: Environment: Environment[sessionHost=https://sessionserver.mojang.com, servicesHost=https://api.minecraftservices.com, profilesHost=https://api.mojang.com, name=PROD]
[03:03:23] [ServerMain/INFO]: Loaded 1470 recipes
[03:03:23] [ServerMain/INFO]: Loaded 1584 advancements
[03:03:23] [Server thread/INFO]: Starting minecraft server version 1.21.11
[03:03:23] [Server thread/INFO]: Loading properties
[03:03:23] [Server thread/INFO]: Default game type: SURVIVAL
[03:03:23] [Server thread/INFO]: Generating keypair
[03:03:23] [Server thread/INFO]: Starting Minecraft server on *:25565
[03:03:23] [Server thread/WARN]: **** SERVER IS RUNNING IN OFFLINE/INSECURE MODE!
[03:03:23] [Server thread/WARN]: The server will make no attempt to authenticate usernames. Beware.
[03:03:23] [Server thread/WARN]: While this makes the game possible to play without internet access, it also opens up the ability for hackers to connect with any username they choose.
[03:03:23] [Server thread/WARN]: To change this, set "online-mode" to "true" in the server.properties file.
[03:03:23] [Server thread/INFO]: Preparing level "world"
[03:03:24] [Server thread/INFO]: Loading 0 persistent chunks...
[03:03:24] [Server thread/INFO]: Time elapsed: 12 ms
[03:03:24] [Server thread/INFO]: Done (0.395s)! For help, type "help"
[03:04:05] [Server thread/INFO]: /advancement (grant|revoke)
[03:04:05] [Server thread/INFO]: /attribute <target> <attribute> (get|base|modifier)
[03:04:05] [Server thread/INFO]: /execute (run|if|unless|as|at|store|positioned|rotated|facing|align|anchored|in|summon|on)
[03:04:05] [Server thread/INFO]: /bossbar (add|remove|list|set|get)
[03:04:05] [Server thread/INFO]: /clear [<targets>]
[03:04:05] [Server thread/INFO]: /clone (<begin>|from)
[03:04:05] [Server thread/INFO]: /damage <target> <amount> [<damageType>]
[03:04:05] [Server thread/INFO]: /data (merge|get|remove|modify)
[03:04:05] [Server thread/INFO]: /datapack (enable|disable|list|create)
[03:04:05] [Server thread/INFO]: /debug (start|stop|function)
[03:04:05] [Server thread/INFO]: /defaultgamemode <gamemode>
[03:04:05] [Server thread/INFO]: /dialog (show|clear)
[03:04:05] [Server thread/INFO]: /difficulty [peaceful|easy|normal|hard]
[03:04:05] [Server thread/INFO]: /effect (clear|give)
[03:04:05] [Server thread/INFO]: /me <action>
[03:04:05] [Server thread/INFO]: /enchant <targets> <enchantment> [<level>]
[03:04:05] [Server thread/INFO]: /experience (add|set|query)
[03:04:05] [Server thread/INFO]: /xp -> experience
[03:04:05] [Server thread/INFO]: /fill <from> <to> <block> [outline|hollow|destroy|strict|replace|keep]
[03:04:05] [Server thread/INFO]: /fillbiome <from> <to> <biome> [replace]
[03:04:05] [Server thread/INFO]: /forceload (add|remove|query)
[03:04:05] [Server thread/INFO]: /function <name> [<arguments>|with]
[03:04:05] [Server thread/INFO]: /gamemode <gamemode> [<target>]
[03:04:05] [Server thread/INFO]: /gamerule (natural_health_regeneration|minecraft:natural_health_regeneration|raids|minecraft:raids|locator_bar|minecraft:locator_bar|immediate_respawn|minecraft:immediate_respawn|limited_crafting|minecraft:limited_crafting|mob_drops|minecraft:mob_drops|fall_damage|minecraft:fall_damage|reduced_debug_info|minecraft:reduced_debug_info|respawn_radius|minecraft:respawn_radius|keep_inventory|minecraft:keep_inventory|tnt_explodes|minecraft:tnt_explodes|tnt_explosion_drop_decay|minecraft:tnt_explosion_drop_decay|spawn_wardens|minecraft:spawn_wardens|allow_entering_nether_using_portals|minecraft:allow_entering_nether_using_portals|show_advancement_messages|minecraft:show_advancement_messages|spawn_monsters|minecraft:spawn_monsters|entity_drops|minecraft:entity_drops|players_nether_portal_default_delay|minecraft:players_nether_portal_default_delay|freeze_damage|minecraft:freeze_damage|spawn_wandering_traders|minecraft:spawn_wandering_traders|lava_source_conversion|minecraft:lava_source_conversion|spectators_generate_chunks|minecraft:spectators_generate_chunks|elytra_movement_check|minecraft:elytra_movement_check|players_sleeping_percentage|minecraft:players_sleeping_percentage|send_command_feedback|minecraft:send_command_feedback|command_block_output|minecraft:command_block_output|show_death_messages|minecraft:show_death_messages|mob_griefing|minecraft:mob_griefing|fire_damage|minecraft:fire_damage|advance_time|minecraft:advance_time|water_source_conversion|minecraft:water_source_conversion|global_sound_events|minecraft:global_sound_events|block_explosion_drop_decay|minecraft:block_explosion_drop_decay|spawner_blocks_work|minecraft:spawner_blocks_work|block_drops|minecraft:block_drops|max_block_modifications|minecraft:max_block_modifications|ender_pearls_vanish_on_death|minecraft:ender_pearls_vanish_on_death|fire_spread_radius_around_player|minecraft:fire_spread_radius_around_player|random_tick_speed|minecraft:random_tick_speed|spawn_patrols|minecraft:spawn_patrols|players_nether_portal_creative_delay|minecraft:players_nether_portal_creative_delay|max_command_sequence_length|minecraft:max_command_sequence_length|command_blocks_work|minecraft:command_blocks_work|pvp|minecraft:pvp|max_command_forks|minecraft:max_command_forks|max_snow_accumulation_height|minecraft:max_snow_accumulation_height|spread_vines|minecraft:spread_vines|player_movement_check|minecraft:player_movement_check|max_entity_cramming|minecraft:max_entity_cramming|log_admin_commands|minecraft:log_admin_commands|projectiles_can_break_blocks|minecraft:projectiles_can_break_blocks|mob_explosion_drop_decay|minecraft:mob_explosion_drop_decay|forgive_dead_players|minecraft:forgive_dead_players|spawn_mobs|minecraft:spawn_mobs|drowning_damage|minecraft:drowning_damage|universal_anger|minecraft:universal_anger|advance_weather|minecraft:advance_weather|spawn_phantoms|minecraft:spawn_phantoms)
[03:04:05] [Server thread/INFO]: /give <targets> <item> [<count>]
[03:04:05] [Server thread/INFO]: /help [<command>]
[03:04:05] [Server thread/INFO]: /item (replace|modify)
[03:04:05] [Server thread/INFO]: /kick <targets> [<reason>]
[03:04:05] [Server thread/INFO]: /kill [<targets>]
[03:04:05] [Server thread/INFO]: /list [uuids]
[03:04:05] [Server thread/INFO]: /locate (structure|biome|poi)
[03:04:05] [Server thread/INFO]: /loot (replace|insert|give|spawn)
[03:04:05] [Server thread/INFO]: /msg <targets> <message>
[03:04:05] [Server thread/INFO]: /tell -> msg
[03:04:05] [Server thread/INFO]: /w -> msg
[03:04:05] [Server thread/INFO]: /particle <name> [<pos>]
[03:04:05] [Server thread/INFO]: /place (feature|jigsaw|structure|template)
[03:04:05] [Server thread/INFO]: /playsound <sound> [master|music|record|weather|block|hostile|neutral|player|ambient|voice|ui]
[03:04:05] [Server thread/INFO]: /random (value|roll|reset)
[03:04:05] [Server thread/INFO]: /reload
[03:04:05] [Server thread/INFO]: /recipe (give|take)
[03:04:05] [Server thread/INFO]: /fetchprofile (name|id)
[03:04:05] [Server thread/INFO]: /return (<value>|fail|run)
[03:04:05] [Server thread/INFO]: /ride <target> (mount|dismount)
[03:04:05] [Server thread/INFO]: /rotate <target> (<rotation>|facing)
[03:04:05] [Server thread/INFO]: /say <message>
[03:04:05] [Server thread/INFO]: /schedule (function|clear)
[03:04:05] [Server thread/INFO]: /scoreboard (objectives|players)
[03:04:05] [Server thread/INFO]: /seed
[03:04:05] [Server thread/INFO]: /version
[03:04:05] [Server thread/INFO]: /setblock <pos> <block> [destroy|keep|replace|strict]
[03:04:05] [Server thread/INFO]: /spawnpoint [<targets>]
[03:04:05] [Server thread/INFO]: /setworldspawn [<pos>]
[03:04:05] [Server thread/INFO]: /spectate [<target>]
[03:04:05] [Server thread/INFO]: /spreadplayers <center> <spreadDistance> <maxRange> (<respectTeams>|under)
[03:04:05] [Server thread/INFO]: /stopsound <targets> [*|master|music|record|weather|block|hostile|neutral|player|ambient|voice|ui]
[03:04:05] [Server thread/INFO]: /stopwatch (create|query|restart|remove)
[03:04:05] [Server thread/INFO]: /summon <entity> [<pos>]
[03:04:05] [Server thread/INFO]: /tag <targets> (add|remove|list)
[03:04:05] [Server thread/INFO]: /team (list|add|remove|empty|join|leave|modify)
[03:04:05] [Server thread/INFO]: /teammsg <message>
[03:04:05] [Server thread/INFO]: /tm -> teammsg
[03:04:05] [Server thread/INFO]: /teleport (<location>|<destination>|<targets>)
[03:04:05] [Server thread/INFO]: /tp -> teleport
[03:04:05] [Server thread/INFO]: /tellraw <targets> <message>
[03:04:05] [Server thread/INFO]: /test (run|runmultiple|runthese|runclosest|runthat|runfailed|verify|locate|resetclosest|resetthese|resetthat|clearthat|clearthese|clearall|stop|pos|create)
[03:04:05] [Server thread/INFO]: /tick (query|rate|step|sprint|unfreeze|freeze)
[03:04:05] [Server thread/INFO]: /time (set|add|query)
[03:04:05] [Server thread/INFO]: /title <targets> (clear|reset|title|subtitle|actionbar|times)
[03:04:05] [Server thread/INFO]: /trigger <objective> [add|set]
[03:04:05] [Server thread/INFO]: /waypoint (list|modify)
[03:04:05] [Server thread/INFO]: /weather (clear|rain|thunder)
[03:04:05] [Server thread/INFO]: /worldborder (add|set|center|damage|get|warning)
[03:04:05] [Server thread/INFO]: /jfr (start|stop)
[03:04:05] [Server thread/INFO]: /ban-ip <target> [<reason>]
[03:04:05] [Server thread/INFO]: /banlist [ips|players]
[03:04:05] [Server thread/INFO]: /ban <targets> [<reason>]
[03:04:05] [Server thread/INFO]: /deop <targets>
[03:04:05] [Server thread/INFO]: /op <targets>
[03:04:05] [Server thread/INFO]: /pardon <targets>
[03:04:05] [Server thread/INFO]: /pardon-ip <target>
[03:04:05] [Server thread/INFO]: /perf (start|stop)
[03:04:05] [Server thread/INFO]: /save-all [flush]
[03:04:05] [Server thread/INFO]: /save-off
[03:04:05] [Server thread/INFO]: /save-on
[03:04:05] [Server thread/INFO]: /setidletimeout <minutes>
[03:04:05] [Server thread/INFO]: /stop
[03:04:05] [Server thread/INFO]: /transfer <hostname> [<port>]
[03:04:05] [Server thread/INFO]: /whitelist (on|off|list|add|remove|reload)
[03:04:14] [Server thread/INFO]: Stopping the server
[03:04:14] [Server thread/INFO]: Stopping server
[03:04:14] [Server thread/INFO]: Saving players
[03:04:14] [Server thread/INFO]: Saving worlds
[03:04:14] [Server thread/INFO]: Saving chunks for level 'ServerLevel[world]'/minecraft:overworld
[03:04:14] [Server thread/INFO]: Saving chunks for level 'ServerLevel[world]'/minecraft:the_end
[03:04:14] [Server thread/INFO]: Saving chunks for level 'ServerLevel[world]'/minecraft:the_nether
[03:04:14] [Server thread/INFO]: ThreadedAnvilChunkStorage (world): All chunks are saved
[03:04:14] [Server thread/INFO]: ThreadedAnvilChunkStorage (DIM1): All chunks are saved
[03:04:14] [Server thread/INFO]: ThreadedAnvilChunkStorage (DIM-1): All chunks are saved
[03:04:14] [Server thread/INFO]: ThreadedAnvilChunkStorage: All dimensions are saved
